[DIRECT] Modernizuje: AddressService
[DIRECT] Gotowe: AddressService
[DIRECT] Modernizuje: AddressWidgetService
[DIRECT] Gotowe: AddressWidgetService
[DIRECT] Modernizuje: AttributeFiltersService
[DIRECT] Gotowe: AttributeFiltersService
[DIRECT] Modernizuje: AuthService
[DIRECT] Gotowe: AuthService
[DIRECT] Modernizuje: CacheService
[DIRECT] Gotowe: CacheService
[DIRECT] Modernizuje: CalcFileService
[DIRECT] Gotowe: CalcFileService
[DIRECT] Modernizuje: CalcSimplifyWidgetService
[DIRECT] Gotowe: CalcSimplifyWidgetService
[DIRECT] Modernizuje: CalculateDataService
[DIRECT] Gotowe: CalculateDataService
[DIRECT] Modernizuje: CalculationService
[DIRECT] Gotowe: CalculationService
[DIRECT] Modernizuje: CanvasService
[DIRECT] Gotowe: CanvasService
[DIRECT] Modernizuje: CartService
[DIRECT] Gotowe: CartService
[DIRECT] Modernizuje: CartWidgetService
[DIRECT] Gotowe: CartWidgetService
[DIRECT] Modernizuje: CategoryDescriptionService
[DIRECT] Gotowe: CategoryDescriptionService
[DIRECT] Modernizuje: ClientZoneWidgetService
[DIRECT] Gotowe: ClientZoneWidgetService
[DIRECT] Modernizuje: CommonService
[DIRECT] Gotowe: CommonService
[DIRECT] Modernizuje: CountService
[DIRECT] Gotowe: CountService
[DIRECT] Modernizuje: CountriesService
[DIRECT] Gotowe: CountriesService
[DIRECT] Modernizuje: CouponService
[DIRECT] Gotowe: CouponService
[DIRECT] Modernizuje: CurrencyRootService
[DIRECT] Gotowe: CurrencyRootService
[DIRECT] Modernizuje: CurrencyService
[DIRECT] Gotowe: CurrencyService
[DIRECT] Modernizuje: CustomProductService
[DIRECT] Gotowe: CustomProductService
[DIRECT] Modernizuje: DeliveryService
[DIRECT] Gotowe: DeliveryService
[DIRECT] Modernizuje: DeliveryWidgetService
[DIRECT] Gotowe: DeliveryWidgetService
[DIRECT] Modernizuje: DomWidgetService
[DIRECT] Gotowe: DomWidgetService
[DIRECT] Modernizuje: DomainService
[DIRECT] Gotowe: DomainService
[DIRECT] Modernizuje: DpAddressService
[DIRECT] Gotowe: DpAddressService
[DIRECT] Modernizuje: DpCartsDataService
[DIRECT] Gotowe: DpCartsDataService
[DIRECT] Modernizuje: DpCategoryService
[DIRECT] Gotowe: DpCategoryService
[DIRECT] Modernizuje: DpOrderService
[DIRECT] Gotowe: DpOrderService
[DIRECT] Modernizuje: DpOrderStatusService
[DIRECT] Gotowe: DpOrderStatusService
[DIRECT] Modernizuje: DpProductService
[DIRECT] Gotowe: DpProductService
[DIRECT] Modernizuje: DynamicCssService
[DIRECT] Gotowe: DynamicCssService
[DIRECT] Modernizuje: EditorProjectService
[DIRECT] Gotowe: EditorProjectService
[DIRECT] Modernizuje: HomepageBannerService
[DIRECT] Gotowe: HomepageBannerService
[DIRECT] Modernizuje: InvoiceService
[DIRECT] Gotowe: InvoiceService
[DIRECT] Modernizuje: LangRootService
[DIRECT] Gotowe: LangRootService
[DIRECT] Modernizuje: LangService
[DIRECT] Gotowe: LangService
[DIRECT] Modernizuje: LangSettingsRootService
[DIRECT] Gotowe: LangSettingsRootService
[DIRECT] Modernizuje: LangSettingsService
[DIRECT] Gotowe: LangSettingsService
[DIRECT] Modernizuje: LoadingService
[DIRECT] Gotowe: LoadingService
[DIRECT] Modernizuje: LoginWidgetService
[DIRECT] Gotowe: LoginWidgetService
[DIRECT] Modernizuje: LogoutService
[DIRECT] Gotowe: LogoutService
[DIRECT] Modernizuje: MainWidgetService
[DIRECT] Gotowe: MainWidgetService
[DIRECT] Modernizuje: MenuTypesService
[DIRECT] Gotowe: MenuTypesService
[DIRECT] Modernizuje: NewsService
[DIRECT] Gotowe: NewsService
[DIRECT] Modernizuje: OrderMessagesService
[DIRECT] Gotowe: OrderMessagesService
[DIRECT] Modernizuje: PaymentService
[DIRECT] Gotowe: PaymentService
[DIRECT] Modernizuje: PhotoFolderService
[DIRECT] Gotowe: PhotoFolderService
[DIRECT] Modernizuje: ProductFileService
[DIRECT] Gotowe: ProductFileService
[DIRECT] Modernizuje: PsAttributeService
[DIRECT] Gotowe: PsAttributeService
[DIRECT] Modernizuje: PsCalculateServie
[DIRECT] Gotowe: PsCalculateServie
[DIRECT] Modernizuje: PsComplexService
[DIRECT] Gotowe: PsComplexService
[DIRECT] Modernizuje: PsFormatService
[DIRECT] Gotowe: PsFormatService
[DIRECT] Modernizuje: PsGroupDescriptionService
[DIRECT] Gotowe: PsGroupDescriptionService
[DIRECT] Modernizuje: PsGroupService
[DIRECT] Gotowe: PsGroupService
[DIRECT] Modernizuje: PsPageService
[DIRECT] Gotowe: PsPageService
[DIRECT] Modernizuje: PsTooltipService
[DIRECT] Gotowe: PsTooltipService
[DIRECT] Modernizuje: PsTypeDescriptionService
[DIRECT] Gotowe: PsTypeDescriptionService
[DIRECT] Modernizuje: PsTypeService
[DIRECT] Gotowe: PsTypeService
[DIRECT] Modernizuje: RealizationTimeService
[DIRECT] Gotowe: RealizationTimeService
[DIRECT] Modernizuje: ReclamationService
[DIRECT] Gotowe: ReclamationService
[DIRECT] Modernizuje: RegisterWidget
[DIRECT] Gotowe: RegisterWidget
[DIRECT] Modernizuje: SettingService
[DIRECT] Gotowe: SettingService
[DIRECT] Modernizuje: SocialWidgetService
[DIRECT] Gotowe: SocialWidgetService
[DIRECT] Modernizuje: StaticContentService
[DIRECT] Gotowe: StaticContentService
[DIRECT] Modernizuje: SubCategoryDescriptionService
[DIRECT] Gotowe: SubCategoryDescriptionService
[DIRECT] Modernizuje: TaxService
[DIRECT] Gotowe: TaxService
[DIRECT] Modernizuje: TemplateRootService
[DIRECT] Gotowe: TemplateRootService
[DIRECT] Modernizuje: TextWidgetService
[DIRECT] Gotowe: TextWidgetService
[DIRECT] Modernizuje: TokenService
[DIRECT] Gotowe: TokenService
[DIRECT] Modernizuje: TypePatternService
[DIRECT] Gotowe: TypePatternService
[DIRECT] Modernizuje: UserAddressService
[DIRECT] Gotowe: UserAddressService
[DIRECT] Modernizuje: UserService
[DIRECT] Gotowe: UserService
[DIRECT] Modernizuje: socket
[DIRECT] Gotowe: socket
